<?xml version="1.0" encoding="UTF-8"?>
<coverage generated="1676611102288" clover="3.2.0">
  <project timestamp="1676611102288" name="All files">
    <metrics statements="39" coveredstatements="39" conditionals="12" coveredconditionals="12" methods="15" coveredmethods="15" elements="66" coveredelements="66" complexity="0" loc="39" ncloc="39" packages="1" files="5" classes="5"/>
    <file name="arrays.js" path="C:\Users\b\Documents\cursofullstak\proyectos\Programación con Java Script II\ActividadGuiada8\ejercicios\arrays.js">
      <metrics statements="3" coveredstatements="3" conditionals="0" coveredconditionals="0" methods="0" coveredmethods="0"/>
      <line num="1" count="1" type="stmt"/>
      <line num="2" count="1" type="stmt"/>
      <line num="4" count="1" type="stmt"/>
    </file>
    <file name="index.js" path="C:\Users\b\Documents\cursofullstak\proyectos\Programación con Java Script II\ActividadGuiada8\ejercicios\index.js">
      <metrics statements="5" coveredstatements="5" conditionals="0" coveredconditionals="0" methods="4" coveredmethods="4"/>
      <line num="1" count="1" type="stmt"/>
      <line num="2" count="1" type="stmt"/>
      <line num="3" count="1" type="stmt"/>
      <line num="4" count="1" type="stmt"/>
      <line num="6" count="1" type="stmt"/>
    </file>
    <file name="lenguaje.js" path="C:\Users\b\Documents\cursofullstak\proyectos\Programación con Java Script II\ActividadGuiada8\ejercicios\lenguaje.js">
      <metrics statements="9" coveredstatements="9" conditionals="3" coveredconditionals="3" methods="1" coveredmethods="1"/>
      <line num="1" count="1" type="stmt"/>
      <line num="2" count="1" type="stmt"/>
      <line num="3" count="1" type="stmt"/>
      <line num="6" count="5" type="cond" truecount="3" falsecount="0"/>
      <line num="8" count="1" type="stmt"/>
      <line num="10" count="2" type="stmt"/>
      <line num="12" count="1" type="stmt"/>
      <line num="14" count="1" type="stmt"/>
      <line num="17" count="1" type="stmt"/>
    </file>
    <file name="objectMapping.js" path="C:\Users\b\Documents\cursofullstak\proyectos\Programación con Java Script II\ActividadGuiada8\ejercicios\objectMapping.js">
      <metrics statements="5" coveredstatements="5" conditionals="2" coveredconditionals="2" methods="1" coveredmethods="1"/>
      <line num="1" count="1" type="stmt"/>
      <line num="8" count="9" type="cond" truecount="2" falsecount="0"/>
      <line num="9" count="3" type="stmt"/>
      <line num="12" count="6" type="stmt"/>
      <line num="15" count="1" type="stmt"/>
    </file>
    <file name="valoresnumericos.js" path="C:\Users\b\Documents\cursofullstak\proyectos\Programación con Java Script II\ActividadGuiada8\ejercicios\valoresnumericos.js">
      <metrics statements="17" coveredstatements="17" conditionals="7" coveredconditionals="7" methods="9" coveredmethods="9"/>
      <line num="1" count="1" type="stmt"/>
      <line num="2" count="1" type="stmt"/>
      <line num="3" count="1" type="stmt"/>
      <line num="4" count="4" type="stmt"/>
      <line num="6" count="1" type="stmt"/>
      <line num="9" count="1" type="stmt"/>
      <line num="10" count="4" type="stmt"/>
      <line num="13" count="1" type="stmt"/>
      <line num="14" count="4" type="stmt"/>
      <line num="17" count="1" type="stmt"/>
      <line num="19" count="7" type="cond" truecount="5" falsecount="0"/>
      <line num="20" count="5" type="stmt"/>
      <line num="21" count="4" type="cond" truecount="2" falsecount="0"/>
      <line num="24" count="4" type="stmt"/>
      <line num="26" count="1" type="stmt"/>
      <line num="27" count="7" type="stmt"/>
      <line num="30" count="1" type="stmt"/>
    </file>
  </project>
</coverage>
