{"C:\\Users\\b\\Documents\\cursofullstak\\proyectos\\Programación con Java Script II\\ActividadGuiada8\\ejercicios\\arrays.js": {"path":"C:\\Users\\b\\Documents\\cursofullstak\\proyectos\\Programación con Java Script II\\ActividadGuiada8\\ejercicios\\arrays.js","statementMap":{"0":{"start":{"line":1,"column":16},"end":{"line":1,"column":125}},"1":{"start":{"line":2,"column":13},"end":{"line":2,"column":81}},"2":{"start":{"line":4,"column":0},"end":{"line":7,"column":2}}},"fnMap":{},"branchMap":{},"s":{"0":1,"1":1,"2":1},"f":{},"b":{},"_coverageSchema":"1a1c01bbd47fc00a2c39e90264f33305004495a9","hash":"9b679a958d59f8fd05205b300089954172a65883"}
,"C:\\Users\\b\\Documents\\cursofullstak\\proyectos\\Programación con Java Script II\\ActividadGuiada8\\ejercicios\\index.js": {"path":"C:\\Users\\b\\Documents\\cursofullstak\\proyectos\\Programación con Java Script II\\ActividadGuiada8\\ejercicios\\index.js","statementMap":{"0":{"start":{"line":1,"column":14},"end":{"line":1,"column":26}},"1":{"start":{"line":1,"column":23},"end":{"line":1,"column":26}},"2":{"start":{"line":2,"column":15},"end":{"line":2,"column":27}},"3":{"start":{"line":2,"column":24},"end":{"line":2,"column":27}},"4":{"start":{"line":3,"column":20},"end":{"line":3,"column":32}},"5":{"start":{"line":3,"column":29},"end":{"line":3,"column":32}},"6":{"start":{"line":4,"column":16},"end":{"line":4,"column":28}},"7":{"start":{"line":4,"column":25},"end":{"line":4,"column":28}},"8":{"start":{"line":6,"column":0},"end":{"line":11,"column":2}}},"fnMap":{"0":{"name":"(anonymous_0)","decl":{"start":{"line":1,"column":14},"end":{"line":1,"column":15}},"loc":{"start":{"line":1,"column":23},"end":{"line":1,"column":26}},"line":1},"1":{"name":"(anonymous_1)","decl":{"start":{"line":2,"column":15},"end":{"line":2,"column":16}},"loc":{"start":{"line":2,"column":24},"end":{"line":2,"column":27}},"line":2},"2":{"name":"(anonymous_2)","decl":{"start":{"line":3,"column":20},"end":{"line":3,"column":21}},"loc":{"start":{"line":3,"column":29},"end":{"line":3,"column":32}},"line":3},"3":{"name":"(anonymous_3)","decl":{"start":{"line":4,"column":16},"end":{"line":4,"column":17}},"loc":{"start":{"line":4,"column":25},"end":{"line":4,"column":28}},"line":4}},"branchMap":{},"s":{"0":1,"1":1,"2":1,"3":1,"4":1,"5":1,"6":1,"7":1,"8":1},"f":{"0":1,"1":1,"2":1,"3":1},"b":{},"_coverageSchema":"1a1c01bbd47fc00a2c39e90264f33305004495a9","hash":"c888d8f613af8d5ed97cad75b7e7d2aa20a2df76"}
,"C:\\Users\\b\\Documents\\cursofullstak\\proyectos\\Programación con Java Script II\\ActividadGuiada8\\ejercicios\\lenguaje.js": {"path":"C:\\Users\\b\\Documents\\cursofullstak\\proyectos\\Programación con Java Script II\\ActividadGuiada8\\ejercicios\\lenguaje.js","statementMap":{"0":{"start":{"line":1,"column":21},"end":{"line":1,"column":28}},"1":{"start":{"line":2,"column":22},"end":{"line":2,"column":29}},"2":{"start":{"line":3,"column":22},"end":{"line":3,"column":29}},"3":{"start":{"line":6,"column":4},"end":{"line":13,"column":5}},"4":{"start":{"line":8,"column":12},"end":{"line":8,"column":31}},"5":{"start":{"line":10,"column":12},"end":{"line":10,"column":41}},"6":{"start":{"line":12,"column":12},"end":{"line":12,"column":38}},"7":{"start":{"line":14,"column":4},"end":{"line":14,"column":14}},"8":{"start":{"line":17,"column":0},"end":{"line":17,"column":32}}},"fnMap":{"0":{"name":"lenguajepagina","decl":{"start":{"line":5,"column":9},"end":{"line":5,"column":23}},"loc":{"start":{"line":5,"column":34},"end":{"line":15,"column":1}},"line":5}},"branchMap":{"0":{"loc":{"start":{"line":6,"column":4},"end":{"line":13,"column":5}},"type":"switch","locations":[{"start":{"line":7,"column":8},"end":{"line":8,"column":31}},{"start":{"line":9,"column":8},"end":{"line":10,"column":41}},{"start":{"line":11,"column":8},"end":{"line":12,"column":38}}],"line":6}},"s":{"0":1,"1":1,"2":1,"3":5,"4":1,"5":2,"6":1,"7":1,"8":1},"f":{"0":5},"b":{"0":[1,2,1]},"_coverageSchema":"1a1c01bbd47fc00a2c39e90264f33305004495a9","hash":"e7edd3268c7f6f8dde9eb5fb21e046a51190b026"}
,"C:\\Users\\b\\Documents\\cursofullstak\\proyectos\\Programación con Java Script II\\ActividadGuiada8\\ejercicios\\objectMapping.js": {"path":"C:\\Users\\b\\Documents\\cursofullstak\\proyectos\\Programación con Java Script II\\ActividadGuiada8\\ejercicios\\objectMapping.js","statementMap":{"0":{"start":{"line":1,"column":22},"end":{"line":5,"column":1}},"1":{"start":{"line":8,"column":4},"end":{"line":10,"column":5}},"2":{"start":{"line":9,"column":8},"end":{"line":9,"column":49}},"3":{"start":{"line":12,"column":4},"end":{"line":12,"column":31}},"4":{"start":{"line":15,"column":0},"end":{"line":15,"column":38}}},"fnMap":{"0":{"name":"getObjectDescription","decl":{"start":{"line":7,"column":9},"end":{"line":7,"column":29}},"loc":{"start":{"line":7,"column":36},"end":{"line":13,"column":1}},"line":7}},"branchMap":{"0":{"loc":{"start":{"line":8,"column":4},"end":{"line":10,"column":5}},"type":"if","locations":[{"start":{"line":8,"column":4},"end":{"line":10,"column":5}},{"start":{},"end":{}}],"line":8}},"s":{"0":1,"1":9,"2":3,"3":6,"4":1},"f":{"0":9},"b":{"0":[3,6]},"_coverageSchema":"1a1c01bbd47fc00a2c39e90264f33305004495a9","hash":"4d1d3cbd1887ae40fbee2a6954ad8199c9c0148f"}
,"C:\\Users\\b\\Documents\\cursofullstak\\proyectos\\Programación con Java Script II\\ActividadGuiada8\\ejercicios\\valoresnumericos.js": {"path":"C:\\Users\\b\\Documents\\cursofullstak\\proyectos\\Programación con Java Script II\\ActividadGuiada8\\ejercicios\\valoresnumericos.js","statementMap":{"0":{"start":{"line":1,"column":13},"end":{"line":7,"column":1}},"1":{"start":{"line":2,"column":15},"end":{"line":2,"column":16}},"2":{"start":{"line":3,"column":4},"end":{"line":5,"column":7}},"3":{"start":{"line":4,"column":8},"end":{"line":4,"column":20}},"4":{"start":{"line":6,"column":4},"end":{"line":6,"column":16}},"5":{"start":{"line":9,"column":18},"end":{"line":11,"column":1}},"6":{"start":{"line":10,"column":4},"end":{"line":10,"column":51}},"7":{"start":{"line":10,"column":35},"end":{"line":10,"column":48}},"8":{"start":{"line":13,"column":18},"end":{"line":15,"column":1}},"9":{"start":{"line":14,"column":4},"end":{"line":14,"column":51}},"10":{"start":{"line":14,"column":35},"end":{"line":14,"column":48}},"11":{"start":{"line":17,"column":16},"end":{"line":25,"column":1}},"12":{"start":{"line":19,"column":4},"end":{"line":19,"column":64}},"13":{"start":{"line":19,"column":51},"end":{"line":19,"column":64}},"14":{"start":{"line":20,"column":4},"end":{"line":22,"column":5}},"15":{"start":{"line":20,"column":17},"end":{"line":20,"column":18}},"16":{"start":{"line":21,"column":8},"end":{"line":21,"column":42}},"17":{"start":{"line":21,"column":29},"end":{"line":21,"column":42}},"18":{"start":{"line":24,"column":4},"end":{"line":24,"column":16}},"19":{"start":{"line":26,"column":15},"end":{"line":28,"column":1}},"20":{"start":{"line":27,"column":4},"end":{"line":27,"column":52}},"21":{"start":{"line":27,"column":32},"end":{"line":27,"column":50}},"22":{"start":{"line":30,"column":0},"end":{"line":30,"column":57}}},"fnMap":{"0":{"name":"(anonymous_0)","decl":{"start":{"line":1,"column":13},"end":{"line":1,"column":14}},"loc":{"start":{"line":1,"column":23},"end":{"line":7,"column":1}},"line":1},"1":{"name":"(anonymous_1)","decl":{"start":{"line":3,"column":17},"end":{"line":3,"column":18}},"loc":{"start":{"line":3,"column":26},"end":{"line":5,"column":5}},"line":3},"2":{"name":"(anonymous_2)","decl":{"start":{"line":9,"column":18},"end":{"line":9,"column":19}},"loc":{"start":{"line":9,"column":31},"end":{"line":11,"column":1}},"line":9},"3":{"name":"(anonymous_3)","decl":{"start":{"line":10,"column":26},"end":{"line":10,"column":27}},"loc":{"start":{"line":10,"column":33},"end":{"line":10,"column":49}},"line":10},"4":{"name":"(anonymous_4)","decl":{"start":{"line":13,"column":18},"end":{"line":13,"column":19}},"loc":{"start":{"line":13,"column":31},"end":{"line":15,"column":1}},"line":13},"5":{"name":"(anonymous_5)","decl":{"start":{"line":14,"column":26},"end":{"line":14,"column":27}},"loc":{"start":{"line":14,"column":33},"end":{"line":14,"column":49}},"line":14},"6":{"name":"(anonymous_6)","decl":{"start":{"line":17,"column":16},"end":{"line":17,"column":17}},"loc":{"start":{"line":17,"column":26},"end":{"line":25,"column":1}},"line":17},"7":{"name":"(anonymous_7)","decl":{"start":{"line":26,"column":15},"end":{"line":26,"column":16}},"loc":{"start":{"line":26,"column":26},"end":{"line":28,"column":1}},"line":26},"8":{"name":"(anonymous_8)","decl":{"start":{"line":27,"column":26},"end":{"line":27,"column":27}},"loc":{"start":{"line":27,"column":31},"end":{"line":27,"column":51}},"line":27}},"branchMap":{"0":{"loc":{"start":{"line":19,"column":4},"end":{"line":19,"column":64}},"type":"if","locations":[{"start":{"line":19,"column":4},"end":{"line":19,"column":64}},{"start":{},"end":{}}],"line":19},"1":{"loc":{"start":{"line":19,"column":8},"end":{"line":19,"column":49}},"type":"binary-expr","locations":[{"start":{"line":19,"column":8},"end":{"line":19,"column":19}},{"start":{"line":19,"column":23},"end":{"line":19,"column":34}},{"start":{"line":19,"column":38},"end":{"line":19,"column":49}}],"line":19},"2":{"loc":{"start":{"line":21,"column":8},"end":{"line":21,"column":42}},"type":"if","locations":[{"start":{"line":21,"column":8},"end":{"line":21,"column":42}},{"start":{},"end":{}}],"line":21}},"s":{"0":1,"1":1,"2":1,"3":4,"4":1,"5":1,"6":1,"7":4,"8":1,"9":1,"10":4,"11":1,"12":7,"13":2,"14":5,"15":5,"16":4,"17":1,"18":4,"19":1,"20":1,"21":7,"22":1},"f":{"0":1,"1":4,"2":1,"3":4,"4":1,"5":4,"6":7,"7":1,"8":7},"b":{"0":[2,5],"1":[7,7,6],"2":[1,3]},"_coverageSchema":"1a1c01bbd47fc00a2c39e90264f33305004495a9","hash":"fe9b912fbd9528f4698da7703e7fb7a1e5710cd3"}
}
