TN:
SF:arrays.js
FNF:0
FNH:0
DA:1,1
DA:2,1
DA:4,1
LF:3
LH:3
BRF:0
BRH:0
end_of_record
TN:
SF:index.js
FN:1,(anonymous_0)
FN:2,(anonymous_1)
FN:3,(anonymous_2)
FN:4,(anonymous_3)
FNF:4
FNH:4
FNDA:1,(anonymous_0)
FNDA:1,(anonymous_1)
FNDA:1,(anonymous_2)
FNDA:1,(anonymous_3)
DA:1,1
DA:2,1
DA:3,1
DA:4,1
DA:6,1
LF:5
LH:5
BRF:0
BRH:0
end_of_record
TN:
SF:lenguaje.js
FN:5,lenguajepagina
FNF:1
FNH:1
FNDA:5,lenguajepagina
DA:1,1
DA:2,1
DA:3,1
DA:6,5
DA:8,1
DA:10,2
DA:12,1
DA:14,1
DA:17,1
LF:9
LH:9
BRDA:6,0,0,1
BRDA:6,0,1,2
BRDA:6,0,2,1
BRF:3
BRH:3
end_of_record
TN:
SF:objectMapping.js
FN:7,getObjectDescription
FNF:1
FNH:1
FNDA:9,getObjectDescription
DA:1,1
DA:8,9
DA:9,3
DA:12,6
DA:15,1
LF:5
LH:5
BRDA:8,0,0,3
BRDA:8,0,1,6
BRF:2
BRH:2
end_of_record
TN:
SF:valoresnumericos.js
FN:1,(anonymous_0)
FN:3,(anonymous_1)
FN:9,(anonymous_2)
FN:10,(anonymous_3)
FN:13,(anonymous_4)
FN:14,(anonymous_5)
FN:17,(anonymous_6)
FN:26,(anonymous_7)
FN:27,(anonymous_8)
FNF:9
FNH:9
FNDA:1,(anonymous_0)
FNDA:4,(anonymous_1)
FNDA:1,(anonymous_2)
FNDA:4,(anonymous_3)
FNDA:1,(anonymous_4)
FNDA:4,(anonymous_5)
FNDA:7,(anonymous_6)
FNDA:1,(anonymous_7)
FNDA:7,(anonymous_8)
DA:1,1
DA:2,1
DA:3,1
DA:4,4
DA:6,1
DA:9,1
DA:10,4
DA:13,1
DA:14,4
DA:17,1
DA:19,7
DA:20,5
DA:21,4
DA:24,4
DA:26,1
DA:27,7
DA:30,1
LF:17
LH:17
BRDA:19,0,0,2
BRDA:19,0,1,5
BRDA:19,1,0,7
BRDA:19,1,1,7
BRDA:19,1,2,6
BRDA:21,2,0,1
BRDA:21,2,1,3
BRF:7
BRH:7
end_of_record
